Testing 100 Random Elements
Input: 37 68 44 16 28 83 2 60 58 45 57 93 90 27 5 63 43 40 76 25 82 62 80 14 9 8 17 88 52 53 42 22 23 18 46 26 96 79 69 35 92 49 100 39 50 11 36 29 78 95 73 81 12 15 48 20 74 75 85 91 71 99 4 1 66 84 98 67 70 86 33 21 19 38 24 6 51 30 47 7 13 34 65 54 72 94 77 41 31 10 32 59 56 87 89 97 3 64 61 55
----------------------------------------
Actions:
ra
ra
ra
pb
ra
ra
pb
ra
ra
ra
ra
ra
ra
ra
pb
ra
ra
ra
ra
pb
ra
ra
ra
pb
pb
pb
pb
ra
ra
ra
ra
pb
pb
pb
ra
ra
ra
ra
ra
ra
ra
ra
ra
ra
ra
pb
ra
ra
ra
ra
ra
ra
pb
pb
ra
pb
ra
ra
ra
ra
ra
ra
pb
pb
ra
ra
ra
ra
ra
ra
ra
pb
pb
ra
pb
pb
ra
ra
ra
pb
pb
ra
ra
ra
ra
ra
ra
ra
ra
pb
ra
ra
ra
ra
ra
ra
pb
ra
ra
ra
pb
ra
pb
pb
ra
ra
ra
pb
ra
ra
ra
pb
ra
pb
pb
ra
ra
ra
ra
ra
ra
ra
pb
pb
pb
ra
ra
ra
pb
ra
pb
ra
pb
pb
pb
pb
ra
ra
ra
ra
pb
ra
ra
ra
ra
ra
ra
ra
ra
ra
ra
ra
ra
pb
pb
ra
pb
pb
pb
ra
ra
ra
ra
ra
pb
pb
pb
pb
pb
ra
ra
ra
pb
pb
pb
pb
ra
pb
pb
pb
ra
ra
pb
ra
ra
pb
ra
ra
pb
pb
ra
ra
pb
ra
ra
ra
ra
pb
ra
pb
pb
ra
ra
pb
ra
pb
ra
ra
pb
pb
ra
pb
pb
pb
pb
pb
pb
pb
pb
pb
pb
pb
pb
pb
pb
pb
pb
pb
pb
pb
pb
pb
pb
pb
pb
pb
pb
pb
pb
pb
pa
pa
pa
pa
pa
pa
pa
pa
pa
pa
pa
pa
pa
pa
pa
pa
pa
pa
pa
pa
pa
pa
pa
pa
pa
pa
pa
pa
pa
pa
pa
pa
pa
pa
pa
pa
pa
pa
pa
pa
pa
pa
pa
pa
pa
pa
pa
pa
pa
pa
pa
pa
pa
pa
pa
pa
pa
pa
pa
pa
pa
pa
pa
pa
pa
pa
pa
pa
pa
pa
pa
pa
pa
pa
pa
pa
pa
pa
pa
pa
pa
pa
pa
pa
pa
pa
pa
pa
pa
pa
pa
pa
pa
pa
pa
pa
pa
pa
pa
pa
Action Count: 340
----------------------------------------
Checker Result:
KO
----------------------------------------
